Sun Aug 13 2017 12:36:23 GMT-0700 (PDT): GET /
Sun Aug 13 2017 12:36:29 GMT-0700 (PDT): GET /campgrounds
Sun Aug 13 2017 12:39:10 GMT-0700 (PDT): GET /
Sun Aug 13 2017 12:39:33 GMT-0700 (PDT): GET /campgrounds
Sun Aug 13 2017 12:44:26 GMT-0700 (PDT): GET /campgrounds
Sun Aug 13 2017 12:44:41 GMT-0700 (PDT): GET /campgrounds
Sun Aug 13 2017 12:45:48 GMT-0700 (PDT): GET /campgrounds
Sun Aug 13 2017 12:45:50 GMT-0700 (PDT): GET /
Sun Aug 13 2017 12:49:05 GMT-0700 (PDT): GET /
Sun Aug 13 2017 12:49:13 GMT-0700 (PDT): GET /
Sun Aug 13 2017 12:49:13 GMT-0700 (PDT): GET /images/love-icon.png
Sun Aug 13 2017 12:49:39 GMT-0700 (PDT): GET /
Sun Aug 13 2017 12:50:57 GMT-0700 (PDT): GET /
Sun Aug 13 2017 12:52:32 GMT-0700 (PDT): GET /
Sun Aug 13 2017 12:53:19 GMT-0700 (PDT): GET /
Sun Aug 13 2017 12:54:16 GMT-0700 (PDT): GET /
Sun Aug 13 2017 12:55:33 GMT-0700 (PDT): GET /
Sun Aug 13 2017 12:56:19 GMT-0700 (PDT): GET /
Sun Aug 13 2017 12:56:23 GMT-0700 (PDT): GET /about
Sun Aug 13 2017 12:56:23 GMT-0700 (PDT): GET /favicon.ico
Sun Aug 13 2017 12:59:04 GMT-0700 (PDT): GET /
Sun Aug 13 2017 12:59:07 GMT-0700 (PDT): GET /about
Sun Aug 13 2017 12:59:15 GMT-0700 (PDT): GET /community
Sun Aug 13 2017 12:59:56 GMT-0700 (PDT): GET /
Sun Aug 13 2017 12:59:58 GMT-0700 (PDT): GET /
Sun Aug 13 2017 12:59:59 GMT-0700 (PDT): GET /about
Sun Aug 13 2017 13:00:20 GMT-0700 (PDT): GET /
Sun Aug 13 2017 13:00:21 GMT-0700 (PDT): GET /
Sun Aug 13 2017 13:00:22 GMT-0700 (PDT): GET /about
Sun Aug 13 2017 13:00:27 GMT-0700 (PDT): GET /community
Sun Aug 13 2017 13:01:01 GMT-0700 (PDT): GET /about
Sun Aug 13 2017 13:01:02 GMT-0700 (PDT): GET /community
Sun Aug 13 2017 13:01:04 GMT-0700 (PDT): GET /memorial
Sun Aug 13 2017 13:01:07 GMT-0700 (PDT): GET /community
Sun Aug 13 2017 13:01:07 GMT-0700 (PDT): GET /about
Sun Aug 13 2017 13:04:19 GMT-0700 (PDT): GET /memorial
Sun Aug 13 2017 13:04:22 GMT-0700 (PDT): GET /community
Sun Aug 13 2017 13:04:23 GMT-0700 (PDT): GET /memorial
Sun Aug 13 2017 13:04:59 GMT-0700 (PDT): GET /community
Sun Aug 13 2017 13:05:00 GMT-0700 (PDT): GET /community
Sun Aug 13 2017 13:05:02 GMT-0700 (PDT): GET /about
Sun Aug 13 2017 13:05:03 GMT-0700 (PDT): GET /memorial
Sun Aug 13 2017 13:05:37 GMT-0700 (PDT): GET /memorial
Sun Aug 13 2017 13:05:50 GMT-0700 (PDT): GET /
Sun Aug 13 2017 13:05:50 GMT-0700 (PDT): GET /about
Sun Aug 13 2017 13:05:54 GMT-0700 (PDT): GET /login
Sun Aug 13 2017 13:05:57 GMT-0700 (PDT): GET /register
Sun Aug 13 2017 13:05:58 GMT-0700 (PDT): GET /memorial
Sun Aug 13 2017 13:06:39 GMT-0700 (PDT): GET /memorial
Sun Aug 13 2017 13:07:04 GMT-0700 (PDT): GET /memorial
Sun Aug 13 2017 13:07:04 GMT-0700 (PDT): GET /images/love-icon.png
Sun Aug 13 2017 13:07:31 GMT-0700 (PDT): GET /memorial
Sun Aug 13 2017 13:07:48 GMT-0700 (PDT): GET /memorial
Sun Aug 13 2017 13:08:11 GMT-0700 (PDT): GET /memorial
Sun Aug 13 2017 13:09:21 GMT-0700 (PDT): GET /memorial
Sun Aug 13 2017 13:09:21 GMT-0700 (PDT): GET /images/remembrance-2.jpg
Sun Aug 13 2017 13:09:21 GMT-0700 (PDT): GET /images/love-icon.png
Sun Aug 13 2017 13:09:58 GMT-0700 (PDT): GET /memorial
Sun Aug 13 2017 13:13:40 GMT-0700 (PDT): GET /community
Sun Aug 13 2017 13:13:41 GMT-0700 (PDT): GET /about
Sun Aug 13 2017 13:13:42 GMT-0700 (PDT): GET /
Sun Aug 13 2017 13:13:44 GMT-0700 (PDT): GET /
Sun Aug 13 2017 13:13:57 GMT-0700 (PDT): GET /about
Sun Aug 13 2017 13:13:59 GMT-0700 (PDT): GET /
Sun Aug 13 2017 13:14:23 GMT-0700 (PDT): GET /memorial
Sun Aug 13 2017 13:14:56 GMT-0700 (PDT): GET /
Sun Aug 13 2017 13:14:58 GMT-0700 (PDT): GET /campgrounds
Sun Aug 13 2017 13:15:43 GMT-0700 (PDT): GET /campgrounds
Sun Aug 13 2017 13:15:44 GMT-0700 (PDT): GET /
Sun Aug 13 2017 13:15:47 GMT-0700 (PDT): GET /memorial
Sun Aug 13 2017 13:15:50 GMT-0700 (PDT): GET /
Sun Aug 13 2017 13:34:02 GMT-0700 (PDT): GET /
Sun Aug 13 2017 13:34:07 GMT-0700 (PDT): GET /memorial
Sun Aug 13 2017 13:34:09 GMT-0700 (PDT): GET /community
Sun Aug 13 2017 13:34:11 GMT-0700 (PDT): GET /about
Sun Aug 13 2017 13:34:11 GMT-0700 (PDT): GET /
Sun Aug 13 2017 13:34:13 GMT-0700 (PDT): GET /about
Sun Aug 13 2017 13:34:13 GMT-0700 (PDT): GET /community
Sun Aug 13 2017 13:34:14 GMT-0700 (PDT): GET /memorial
Sun Aug 13 2017 13:35:09 GMT-0700 (PDT): GET /register
Sun Aug 13 2017 13:35:42 GMT-0700 (PDT): GET /register
Sun Aug 13 2017 13:35:49 GMT-0700 (PDT): POST /register
Sun Aug 13 2017 13:35:50 GMT-0700 (PDT): GET /campgrounds
Sun Aug 13 2017 13:46:14 GMT-0700 (PDT): GET /campgrounds
Sun Aug 13 2017 14:12:50 GMT-0700 (PDT): GET /
Sun Aug 13 2017 14:12:51 GMT-0700 (PDT): GET /memorial
Sun Aug 13 2017 14:12:55 GMT-0700 (PDT): GET /add_memorial
Sun Aug 13 2017 14:13:02 GMT-0700 (PDT): GET /
Sun Aug 13 2017 14:13:03 GMT-0700 (PDT): GET /memorial
Sun Aug 13 2017 14:13:54 GMT-0700 (PDT): GET /memorial
Sun Aug 13 2017 14:13:56 GMT-0700 (PDT): GET /pets/new
Sun Aug 13 2017 14:13:56 GMT-0700 (PDT): GET /login
Sun Aug 13 2017 14:14:01 GMT-0700 (PDT): GET /
Sun Aug 13 2017 14:14:02 GMT-0700 (PDT): GET /memorial
Sun Aug 13 2017 14:14:05 GMT-0700 (PDT): GET /pets/new
Sun Aug 13 2017 14:14:05 GMT-0700 (PDT): GET /login
Sun Aug 13 2017 14:14:14 GMT-0700 (PDT): POST /login
Sun Aug 13 2017 14:14:14 GMT-0700 (PDT): GET /campgrounds
Sun Aug 13 2017 14:14:18 GMT-0700 (PDT): GET /login
Sun Aug 13 2017 14:14:22 GMT-0700 (PDT): GET /memorial
Sun Aug 13 2017 14:14:24 GMT-0700 (PDT): GET /pets/new
Sun Aug 13 2017 14:15:16 GMT-0700 (PDT): GET /pets/new
Sun Aug 13 2017 14:15:18 GMT-0700 (PDT): GET /memorial
Sun Aug 13 2017 14:15:21 GMT-0700 (PDT): GET /pets/new
Sun Aug 13 2017 14:15:36 GMT-0700 (PDT): GET /memorial
Sun Aug 13 2017 14:15:38 GMT-0700 (PDT): GET /pets/new
Sun Aug 13 2017 14:15:38 GMT-0700 (PDT): GET /login
Sun Aug 13 2017 14:15:42 GMT-0700 (PDT): POST /login
Sun Aug 13 2017 14:15:42 GMT-0700 (PDT): GET /campgrounds
Sun Aug 13 2017 14:15:44 GMT-0700 (PDT): GET /login
Sun Aug 13 2017 14:15:46 GMT-0700 (PDT): GET /memorial
Sun Aug 13 2017 14:15:48 GMT-0700 (PDT): GET /pets/new
Sun Aug 13 2017 14:15:48 GMT-0700 (PDT): GET /pets/imgs/love-icon.png
Sun Aug 13 2017 14:15:48 GMT-0700 (PDT): GET /pets/imgs/love-icon.png
Sun Aug 13 2017 14:16:14 GMT-0700 (PDT): GET /community
Sun Aug 13 2017 14:16:16 GMT-0700 (PDT): GET /memorial
Sun Aug 13 2017 14:16:18 GMT-0700 (PDT): GET /pets/new
Sun Aug 13 2017 14:16:18 GMT-0700 (PDT): GET /pets/imgs/love-icon.png
Sun Aug 13 2017 14:18:25 GMT-0700 (PDT): GET /pets/new
Sun Aug 13 2017 14:18:25 GMT-0700 (PDT): GET /login
Sun Aug 13 2017 14:18:33 GMT-0700 (PDT): POST /login
Sun Aug 13 2017 14:18:34 GMT-0700 (PDT): GET /campgrounds
Sun Aug 13 2017 14:18:36 GMT-0700 (PDT): GET /login
Sun Aug 13 2017 14:18:38 GMT-0700 (PDT): GET /memorial
Sun Aug 13 2017 14:18:40 GMT-0700 (PDT): GET /pets/new
Sun Aug 13 2017 14:18:47 GMT-0700 (PDT): GET /community
Sun Aug 13 2017 14:18:48 GMT-0700 (PDT): GET /memorial
Sun Aug 13 2017 14:18:50 GMT-0700 (PDT): GET /pets/new
Sun Aug 13 2017 14:18:53 GMT-0700 (PDT): GET /campgrounds
Sun Aug 13 2017 14:19:06 GMT-0700 (PDT): GET /pets/new
Sun Aug 13 2017 14:19:08 GMT-0700 (PDT): GET /pets
Sun Aug 13 2017 14:19:13 GMT-0700 (PDT): GET /memorial
Sun Aug 13 2017 14:19:24 GMT-0700 (PDT): GET /pets/new
Sun Aug 13 2017 14:19:25 GMT-0700 (PDT): GET /memorial
Sun Aug 13 2017 14:19:27 GMT-0700 (PDT): GET /pets/new
Sun Aug 13 2017 14:19:30 GMT-0700 (PDT): GET /memorial
Sun Aug 13 2017 14:19:34 GMT-0700 (PDT): GET /pets/new
Sun Aug 13 2017 14:20:44 GMT-0700 (PDT): GET /pets/new
Sun Aug 13 2017 14:21:09 GMT-0700 (PDT): GET /pets/new
Sun Aug 13 2017 14:21:16 GMT-0700 (PDT): GET /memorial
